0 verbose cli /usr/bin/node /usr/bin/npm
1 info using npm@9.2.0
2 info using node@v18.19.1
3 timing npm:load:whichnode Completed in 1ms
4 timing config:load:defaults Completed in 2ms
5 timing config:load:file:/usr/share/nodejs/npm/npmrc Completed in 5ms
6 timing config:load:builtin Completed in 5ms
7 timing config:load:cli Completed in 2ms
8 timing config:load:env Completed in 1ms
9 timing config:load:project Completed in 0ms
10 timing config:load:file:/home/ubuntu/.npmrc Completed in 3ms
11 timing config:load:user Completed in 3ms
12 timing config:load:file:/etc/npmrc Completed in 0ms
13 timing config:load:global Completed in 0ms
14 timing config:load:setEnvs Completed in 1ms
15 timing config:load Completed in 17ms
16 timing npm:load:configload Completed in 17ms
17 timing npm:load:mkdirpcache Completed in 1ms
18 timing npm:load:mkdirplogs Completed in 1ms
19 verbose title npm install express
20 verbose argv "install" "express"
21 timing npm:load:setTitle Completed in 3ms
22 timing config:load:flatten Completed in 7ms
23 timing npm:load:display Completed in 10ms
24 verbose logfile logs-max:10 dir:/home/ubuntu/.npm/_logs/2025-01-30T19_13_15_299Z-
25 verbose logfile /home/ubuntu/.npm/_logs/2025-01-30T19_13_15_299Z-debug-0.log
26 timing npm:load:logFile Completed in 11ms
27 timing npm:load:timers Completed in 0ms
28 timing npm:load:configScope Completed in 0ms
29 timing npm:load Completed in 44ms
30 silly logfile done cleaning log files
31 timing config:load:flatten Completed in 1ms
32 timing arborist:ctor Completed in 1ms
33 timing arborist:ctor Completed in 1ms
34 timing idealTree:init Completed in 29ms
35 timing idealTree:userRequests Completed in 7ms
36 silly idealTree buildDeps
37 silly fetch manifest express@*
38 http fetch GET 200 https://registry.npmjs.org/express 246ms (cache updated)
39 silly placeDep ROOT express@4.21.2 OK for:  want: *
40 silly fetch manifest qs@6.13.0
41 silly fetch manifest depd@2.0.0
42 silly fetch manifest etag@~1.8.1
43 silly fetch manifest send@0.19.0
44 silly fetch manifest vary@~1.1.2
45 silly fetch manifest debug@2.6.9
46 silly fetch manifest fresh@0.5.2
47 silly fetch manifest cookie@0.7.1
48 silly fetch manifest accepts@~1.3.8
49 silly fetch manifest methods@~1.1.2
50 silly fetch manifest type-is@~1.6.18
51 silly fetch manifest parseurl@~1.3.3
52 silly fetch manifest statuses@2.0.1
53 silly fetch manifest encodeurl@~2.0.0
54 silly fetch manifest proxy-addr@~2.0.7
55 silly fetch manifest body-parser@1.20.3
56 silly fetch manifest escape-html@~1.0.3
57 silly fetch manifest http-errors@2.0.0
58 silly fetch manifest on-finished@2.4.1
59 silly fetch manifest safe-buffer@5.2.1
60 silly fetch manifest utils-merge@1.0.1
61 silly fetch manifest content-type@~1.0.4
62 silly fetch manifest finalhandler@1.3.1
63 silly fetch manifest range-parser@~1.2.1
64 silly fetch manifest serve-static@1.16.2
65 silly fetch manifest array-flatten@1.1.1
66 silly fetch manifest path-to-regexp@0.1.12
67 silly fetch manifest setprototypeof@1.2.0
68 silly fetch manifest cookie-signature@1.0.6
69 silly fetch manifest merge-descriptors@1.0.3
70 silly fetch manifest content-disposition@0.5.4
71 http fetch GET 200 https://registry.npmjs.org/methods 239ms (cache updated)
72 http fetch GET 200 https://registry.npmjs.org/serve-static 230ms (cache updated)
73 http fetch GET 200 https://registry.npmjs.org/fresh 466ms (cache updated)
74 http fetch GET 200 https://registry.npmjs.org/on-finished 475ms (cache updated)
75 http fetch GET 200 https://registry.npmjs.org/etag 499ms (cache updated)
76 http fetch GET 200 https://registry.npmjs.org/encodeurl 493ms (cache updated)
77 http fetch GET 200 https://registry.npmjs.org/escape-html 493ms (cache updated)
78 http fetch GET 200 https://registry.npmjs.org/vary 500ms (cache updated)
79 http fetch GET 200 https://registry.npmjs.org/utils-merge 492ms (cache updated)
80 http fetch GET 200 https://registry.npmjs.org/depd 506ms (cache updated)
81 http fetch GET 200 https://registry.npmjs.org/content-type 494ms (cache updated)
82 http fetch GET 200 https://registry.npmjs.org/merge-descriptors 492ms (cache updated)
83 http fetch GET 200 https://registry.npmjs.org/statuses 505ms (cache updated)
84 http fetch GET 200 https://registry.npmjs.org/setprototypeof 493ms (cache updated)
85 http fetch GET 200 https://registry.npmjs.org/parseurl 508ms (cache updated)
86 http fetch GET 200 https://registry.npmjs.org/range-parser 504ms (cache updated)
87 http fetch GET 200 https://registry.npmjs.org/safe-buffer 508ms (cache updated)
88 http fetch GET 200 https://registry.npmjs.org/cookie 517ms (cache updated)
89 http fetch GET 200 https://registry.npmjs.org/cookie-signature 505ms (cache updated)
90 http fetch GET 200 https://registry.npmjs.org/array-flatten 508ms (cache updated)
91 http fetch GET 200 https://registry.npmjs.org/content-disposition 504ms (cache updated)
92 http fetch GET 200 https://registry.npmjs.org/accepts 521ms (cache updated)
93 http fetch GET 200 https://registry.npmjs.org/finalhandler 513ms (cache updated)
94 http fetch GET 200 https://registry.npmjs.org/proxy-addr 521ms (cache updated)
95 http fetch GET 200 https://registry.npmjs.org/http-errors 518ms (cache updated)
96 http fetch GET 200 https://registry.npmjs.org/send 529ms (cache updated)
97 http fetch GET 200 https://registry.npmjs.org/type-is 529ms (cache updated)
98 http fetch GET 200 https://registry.npmjs.org/body-parser 526ms (cache updated)
99 http fetch GET 200 https://registry.npmjs.org/path-to-regexp 521ms (cache updated)
100 http fetch GET 200 https://registry.npmjs.org/debug 539ms (cache updated)
101 http fetch GET 200 https://registry.npmjs.org/qs 545ms (cache updated)
102 timing idealTree:#root Completed in 821ms
103 silly placeDep ROOT accepts@1.3.8 OK for: express@4.21.2 want: ~1.3.8
104 silly placeDep ROOT array-flatten@1.1.1 OK for: express@4.21.2 want: 1.1.1
105 silly placeDep ROOT body-parser@1.20.3 OK for: express@4.21.2 want: 1.20.3
106 silly placeDep ROOT content-disposition@0.5.4 OK for: express@4.21.2 want: 0.5.4
107 silly placeDep ROOT content-type@1.0.5 OK for: express@4.21.2 want: ~1.0.4
108 silly placeDep ROOT cookie@0.7.1 OK for: express@4.21.2 want: 0.7.1
109 silly placeDep ROOT cookie-signature@1.0.6 OK for: express@4.21.2 want: 1.0.6
110 silly placeDep ROOT debug@2.6.9 OK for: express@4.21.2 want: 2.6.9
111 silly placeDep ROOT depd@2.0.0 OK for: express@4.21.2 want: 2.0.0
112 silly placeDep ROOT encodeurl@2.0.0 OK for: express@4.21.2 want: ~2.0.0
113 silly placeDep ROOT escape-html@1.0.3 OK for: express@4.21.2 want: ~1.0.3
114 silly placeDep ROOT etag@1.8.1 OK for: express@4.21.2 want: ~1.8.1
115 silly placeDep ROOT finalhandler@1.3.1 OK for: express@4.21.2 want: 1.3.1
116 silly placeDep ROOT fresh@0.5.2 OK for: express@4.21.2 want: 0.5.2
117 silly placeDep ROOT http-errors@2.0.0 OK for: express@4.21.2 want: 2.0.0
118 silly placeDep ROOT merge-descriptors@1.0.3 OK for: express@4.21.2 want: 1.0.3
119 silly placeDep ROOT methods@1.1.2 OK for: express@4.21.2 want: ~1.1.2
120 silly placeDep ROOT on-finished@2.4.1 OK for: express@4.21.2 want: 2.4.1
121 silly placeDep ROOT parseurl@1.3.3 OK for: express@4.21.2 want: ~1.3.3
122 silly placeDep ROOT path-to-regexp@0.1.12 OK for: express@4.21.2 want: 0.1.12
123 silly placeDep ROOT proxy-addr@2.0.7 OK for: express@4.21.2 want: ~2.0.7
124 silly placeDep ROOT qs@6.13.0 OK for: express@4.21.2 want: 6.13.0
125 silly placeDep ROOT range-parser@1.2.1 OK for: express@4.21.2 want: ~1.2.1
126 silly placeDep ROOT safe-buffer@5.2.1 OK for: express@4.21.2 want: 5.2.1
127 silly placeDep ROOT send@0.19.0 OK for: express@4.21.2 want: 0.19.0
128 silly placeDep ROOT serve-static@1.16.2 OK for: express@4.21.2 want: 1.16.2
129 silly placeDep ROOT setprototypeof@1.2.0 OK for: express@4.21.2 want: 1.2.0
130 silly placeDep ROOT statuses@2.0.1 OK for: express@4.21.2 want: 2.0.1
131 silly placeDep ROOT type-is@1.6.18 OK for: express@4.21.2 want: ~1.6.18
132 silly placeDep ROOT utils-merge@1.0.1 OK for: express@4.21.2 want: 1.0.1
133 silly placeDep ROOT vary@1.1.2 OK for: express@4.21.2 want: ~1.1.2
134 silly fetch manifest mime-types@~2.1.34
135 silly fetch manifest negotiator@0.6.3
136 silly fetch manifest bytes@3.1.2
137 silly fetch manifest unpipe@1.0.0
138 silly fetch manifest destroy@1.2.0
139 silly fetch manifest raw-body@2.5.2
140 silly fetch manifest iconv-lite@0.4.24
141 silly fetch manifest ms@2.0.0
142 silly fetch manifest unpipe@~1.0.0
143 silly fetch manifest inherits@2.0.4
144 silly fetch manifest toidentifier@1.0.1
145 silly fetch manifest ee-first@1.1.1
146 silly fetch manifest forwarded@0.2.0
147 silly fetch manifest ipaddr.js@1.9.1
148 silly fetch manifest side-channel@^1.0.6
149 silly fetch manifest ms@2.1.3
150 silly fetch manifest mime@1.6.0
151 silly fetch manifest encodeurl@~1.0.2
152 silly fetch manifest mime-types@~2.1.24
153 silly fetch manifest media-typer@0.3.0
154 http fetch GET 200 https://registry.npmjs.org/negotiator 245ms (cache updated)
155 http fetch GET 200 https://registry.npmjs.org/unpipe 241ms (cache updated)
156 http fetch GET 200 https://registry.npmjs.org/unpipe 246ms (cache updated)
157 http fetch GET 200 https://registry.npmjs.org/forwarded 237ms (cache updated)
158 http fetch GET 200 https://registry.npmjs.org/side-channel 237ms (cache updated)
159 http fetch GET 200 https://registry.npmjs.org/toidentifier 242ms (cache updated)
160 http fetch GET 200 https://registry.npmjs.org/destroy 248ms (cache updated)
161 http fetch GET 200 https://registry.npmjs.org/inherits 243ms (cache updated)
162 http fetch GET 200 https://registry.npmjs.org/ee-first 243ms (cache updated)
163 http fetch GET 200 https://registry.npmjs.org/media-typer 236ms (cache updated)
164 http fetch GET 200 https://registry.npmjs.org/mime-types 238ms (cache updated)
165 http fetch GET 200 https://registry.npmjs.org/ms 244ms (cache updated)
166 http fetch GET 200 https://registry.npmjs.org/raw-body 254ms (cache updated)
167 http fetch GET 200 https://registry.npmjs.org/bytes 259ms (cache updated)
168 http fetch GET 200 https://registry.npmjs.org/ms 256ms (cache updated)
169 http fetch GET 200 https://registry.npmjs.org/ipaddr.js 251ms (cache updated)
170 http fetch GET 200 https://registry.npmjs.org/iconv-lite 260ms (cache updated)
171 http fetch GET 200 https://registry.npmjs.org/mime-types 269ms (cache updated)
172 http fetch GET 200 https://registry.npmjs.org/mime 252ms (cache updated)
173 timing idealTree:node_modules/express Completed in 347ms
174 silly placeDep ROOT mime-types@2.1.35 OK for: accepts@1.3.8 want: ~2.1.34
175 silly placeDep ROOT negotiator@0.6.3 OK for: accepts@1.3.8 want: 0.6.3
176 silly fetch manifest mime-db@1.52.0
177 http fetch GET 200 https://registry.npmjs.org/mime-db 47ms (cache updated)
178 timing idealTree:node_modules/accepts Completed in 57ms
179 timing idealTree:node_modules/array-flatten Completed in 0ms
180 silly placeDep ROOT bytes@3.1.2 OK for: body-parser@1.20.3 want: 3.1.2
181 silly placeDep ROOT destroy@1.2.0 OK for: body-parser@1.20.3 want: 1.2.0
182 silly placeDep ROOT iconv-lite@0.4.24 OK for: body-parser@1.20.3 want: 0.4.24
183 silly placeDep ROOT raw-body@2.5.2 OK for: body-parser@1.20.3 want: 2.5.2
184 silly placeDep ROOT unpipe@1.0.0 OK for: body-parser@1.20.3 want: 1.0.0
185 silly fetch manifest safer-buffer@>= 2.1.2 < 3
186 http fetch GET 200 https://registry.npmjs.org/safer-buffer 53ms (cache updated)
187 timing idealTree:node_modules/body-parser Completed in 64ms
188 timing idealTree:node_modules/bytes Completed in 0ms
189 timing idealTree:node_modules/content-disposition Completed in 0ms
190 timing idealTree:node_modules/content-type Completed in 0ms
191 timing idealTree:node_modules/cookie Completed in 0ms
192 timing idealTree:node_modules/cookie-signature Completed in 0ms
193 silly placeDep ROOT ms@2.0.0 OK for: debug@2.6.9 want: 2.0.0
194 timing idealTree:node_modules/debug Completed in 2ms
195 timing idealTree:node_modules/depd Completed in 0ms
196 timing idealTree:node_modules/destroy Completed in 0ms
197 timing idealTree:node_modules/encodeurl Completed in 0ms
198 timing idealTree:node_modules/escape-html Completed in 0ms
199 timing idealTree:node_modules/etag Completed in 0ms
200 timing idealTree:node_modules/finalhandler Completed in 1ms
201 timing idealTree:node_modules/fresh Completed in 0ms
202 silly placeDep ROOT inherits@2.0.4 OK for: http-errors@2.0.0 want: 2.0.4
203 silly placeDep ROOT toidentifier@1.0.1 OK for: http-errors@2.0.0 want: 1.0.1
204 timing idealTree:node_modules/http-errors Completed in 3ms
205 silly placeDep ROOT safer-buffer@2.1.2 OK for: iconv-lite@0.4.24 want: >= 2.1.2 < 3
206 timing idealTree:node_modules/iconv-lite Completed in 3ms
207 timing idealTree:node_modules/inherits Completed in 0ms
208 timing idealTree:node_modules/merge-descriptors Completed in 0ms
209 timing idealTree:node_modules/methods Completed in 0ms
210 silly placeDep ROOT mime-db@1.52.0 OK for: mime-types@2.1.35 want: 1.52.0
211 timing idealTree:node_modules/mime-types Completed in 1ms
212 timing idealTree:node_modules/mime-db Completed in 0ms
213 timing idealTree:node_modules/ms Completed in 0ms
214 timing idealTree:node_modules/negotiator Completed in 0ms
215 silly placeDep ROOT ee-first@1.1.1 OK for: on-finished@2.4.1 want: 1.1.1
216 timing idealTree:node_modules/on-finished Completed in 1ms
217 timing idealTree:node_modules/ee-first Completed in 0ms
218 timing idealTree:node_modules/parseurl Completed in 0ms
219 timing idealTree:node_modules/path-to-regexp Completed in 0ms
220 silly placeDep ROOT forwarded@0.2.0 OK for: proxy-addr@2.0.7 want: 0.2.0
221 silly placeDep ROOT ipaddr.js@1.9.1 OK for: proxy-addr@2.0.7 want: 1.9.1
222 timing idealTree:node_modules/proxy-addr Completed in 1ms
223 timing idealTree:node_modules/forwarded Completed in 0ms
224 timing idealTree:node_modules/ipaddr.js Completed in 0ms
225 silly placeDep ROOT side-channel@1.1.0 OK for: qs@6.13.0 want: ^1.0.6
226 silly fetch manifest es-errors@^1.3.0
227 silly fetch manifest object-inspect@^1.13.3
228 silly fetch manifest side-channel-list@^1.0.0
229 silly fetch manifest side-channel-map@^1.0.1
230 silly fetch manifest side-channel-weakmap@^1.0.2
231 http fetch GET 200 https://registry.npmjs.org/es-errors 95ms (cache updated)
232 http fetch GET 200 https://registry.npmjs.org/side-channel-map 92ms (cache updated)
233 http fetch GET 200 https://registry.npmjs.org/side-channel-weakmap 93ms (cache updated)
234 http fetch GET 200 https://registry.npmjs.org/side-channel-list 94ms (cache updated)
235 http fetch GET 200 https://registry.npmjs.org/object-inspect 96ms (cache updated)
236 timing idealTree:node_modules/qs Completed in 102ms
237 timing idealTree:node_modules/range-parser Completed in 0ms
238 timing idealTree:node_modules/raw-body Completed in 0ms
239 timing idealTree:node_modules/safe-buffer Completed in 0ms
240 timing idealTree:node_modules/safer-buffer Completed in 0ms
241 silly placeDep node_modules/send encodeurl@1.0.2 OK for: send@0.19.0 want: ~1.0.2
242 silly placeDep ROOT mime@1.6.0 OK for: send@0.19.0 want: 1.6.0
243 silly placeDep node_modules/send ms@2.1.3 OK for: send@0.19.0 want: 2.1.3
244 timing idealTree:node_modules/send Completed in 15ms
245 timing idealTree:node_modules/mime Completed in 0ms
246 timing idealTree:node_modules/serve-static Completed in 0ms
247 timing idealTree:node_modules/setprototypeof Completed in 0ms
248 silly placeDep ROOT es-errors@1.3.0 OK for: side-channel@1.1.0 want: ^1.3.0
249 silly placeDep ROOT object-inspect@1.13.3 OK for: side-channel@1.1.0 want: ^1.13.3
250 silly placeDep ROOT side-channel-list@1.0.0 OK for: side-channel@1.1.0 want: ^1.0.0
251 silly placeDep ROOT side-channel-map@1.0.1 OK for: side-channel@1.1.0 want: ^1.0.1
252 silly placeDep ROOT side-channel-weakmap@1.0.2 OK for: side-channel@1.1.0 want: ^1.0.2
253 silly fetch manifest call-bound@^1.0.2
254 silly fetch manifest get-intrinsic@^1.2.5
255 http fetch GET 200 https://registry.npmjs.org/get-intrinsic 73ms (cache updated)
256 http fetch GET 200 https://registry.npmjs.org/call-bound 77ms (cache updated)
257 timing idealTree:node_modules/side-channel Completed in 90ms
258 timing idealTree:node_modules/es-errors Completed in 0ms
259 timing idealTree:node_modules/object-inspect Completed in 0ms
260 timing idealTree:node_modules/side-channel-list Completed in 0ms
261 silly placeDep ROOT call-bound@1.0.3 OK for: side-channel-map@1.0.1 want: ^1.0.2
262 silly placeDep ROOT get-intrinsic@1.2.7 OK for: side-channel-map@1.0.1 want: ^1.2.5
263 silly fetch manifest call-bind-apply-helpers@^1.0.1
264 silly fetch manifest es-define-property@^1.0.1
265 silly fetch manifest es-object-atoms@^1.0.0
266 silly fetch manifest function-bind@^1.1.2
267 silly fetch manifest get-proto@^1.0.0
268 silly fetch manifest gopd@^1.2.0
269 silly fetch manifest has-symbols@^1.1.0
270 silly fetch manifest hasown@^2.0.2
271 silly fetch manifest math-intrinsics@^1.1.0
272 http fetch GET 200 https://registry.npmjs.org/hasown 81ms (cache updated)
273 http fetch GET 200 https://registry.npmjs.org/get-proto 85ms (cache updated)
274 http fetch GET 200 https://registry.npmjs.org/math-intrinsics 96ms (cache updated)
275 http fetch GET 200 https://registry.npmjs.org/has-symbols 99ms (cache updated)
276 http fetch GET 200 https://registry.npmjs.org/gopd 139ms (cache updated)
277 http fetch GET 200 https://registry.npmjs.org/es-object-atoms 145ms (cache updated)
278 http fetch GET 200 https://registry.npmjs.org/es-define-property 146ms (cache updated)
279 http fetch GET 200 https://registry.npmjs.org/function-bind 145ms (cache updated)
280 http fetch GET 200 https://registry.npmjs.org/call-bind-apply-helpers 149ms (cache updated)
281 timing idealTree:node_modules/side-channel-map Completed in 156ms
282 silly placeDep ROOT call-bind-apply-helpers@1.0.1 OK for: call-bound@1.0.3 want: ^1.0.1
283 timing idealTree:node_modules/call-bound Completed in 5ms
284 silly placeDep ROOT function-bind@1.1.2 OK for: call-bind-apply-helpers@1.0.1 want: ^1.1.2
285 timing idealTree:node_modules/call-bind-apply-helpers Completed in 2ms
286 timing idealTree:node_modules/function-bind Completed in 0ms
287 silly placeDep ROOT es-define-property@1.0.1 OK for: get-intrinsic@1.2.7 want: ^1.0.1
288 silly placeDep ROOT es-object-atoms@1.1.1 OK for: get-intrinsic@1.2.7 want: ^1.0.0
289 silly placeDep ROOT get-proto@1.0.1 OK for: get-intrinsic@1.2.7 want: ^1.0.0
290 silly placeDep ROOT gopd@1.2.0 OK for: get-intrinsic@1.2.7 want: ^1.2.0
291 silly placeDep ROOT has-symbols@1.1.0 OK for: get-intrinsic@1.2.7 want: ^1.1.0
292 silly placeDep ROOT hasown@2.0.2 OK for: get-intrinsic@1.2.7 want: ^2.0.2
293 silly placeDep ROOT math-intrinsics@1.1.0 OK for: get-intrinsic@1.2.7 want: ^1.1.0
294 silly fetch manifest dunder-proto@^1.0.1
295 http fetch GET 200 https://registry.npmjs.org/dunder-proto 56ms (cache updated)
296 timing idealTree:node_modules/get-intrinsic Completed in 81ms
297 timing idealTree:node_modules/es-define-property Completed in 0ms
298 timing idealTree:node_modules/es-object-atoms Completed in 0ms
299 silly placeDep ROOT dunder-proto@1.0.1 OK for: get-proto@1.0.1 want: ^1.0.1
300 timing idealTree:node_modules/get-proto Completed in 4ms
301 timing idealTree:node_modules/dunder-proto Completed in 0ms
302 timing idealTree:node_modules/gopd Completed in 0ms
303 timing idealTree:node_modules/has-symbols Completed in 0ms
304 timing idealTree:node_modules/hasown Completed in 2ms
305 timing idealTree:node_modules/math-intrinsics Completed in 0ms
306 timing idealTree:node_modules/side-channel-weakmap Completed in 0ms
307 timing idealTree:node_modules/statuses Completed in 0ms
308 timing idealTree:node_modules/toidentifier Completed in 0ms
309 silly placeDep ROOT media-typer@0.3.0 OK for: type-is@1.6.18 want: 0.3.0
310 timing idealTree:node_modules/type-is Completed in 1ms
311 timing idealTree:node_modules/media-typer Completed in 0ms
312 timing idealTree:node_modules/unpipe Completed in 0ms
313 timing idealTree:node_modules/utils-merge Completed in 0ms
314 timing idealTree:node_modules/vary Completed in 0ms
315 timing idealTree:node_modules/send/node_modules/encodeurl Completed in 0ms
316 timing idealTree:node_modules/send/node_modules/ms Completed in 0ms
317 timing idealTree:buildDeps Completed in 1766ms
318 timing idealTree:fixDepFlags Completed in 4ms
319 timing idealTree Completed in 1811ms
320 timing reify:loadTrees Completed in 1812ms
321 timing reify:diffTrees Completed in 3ms
322 silly reify moves {}
323 timing reify:retireShallow Completed in 4ms
324 timing reify:createSparse Completed in 13ms
325 timing reify:loadBundles Completed in 0ms
326 timing reifyNode:node_modules/send/node_modules/ms Completed in 376ms
327 timing reifyNode:node_modules/array-flatten Completed in 373ms
328 timing reifyNode:node_modules/destroy Completed in 389ms
329 timing reifyNode:node_modules/ms Completed in 389ms
330 timing reifyNode:node_modules/ee-first Completed in 390ms
331 timing reifyNode:node_modules/path-to-regexp Completed in 391ms
332 timing reifyNode:node_modules/send/node_modules/encodeurl Completed in 393ms
333 timing reifyNode:node_modules/accepts Completed in 390ms
334 timing reifyNode:node_modules/media-typer Completed in 396ms
335 timing reifyNode:node_modules/escape-html Completed in 392ms
336 timing reifyNode:node_modules/range-parser Completed in 393ms
337 timing reifyNode:node_modules/encodeurl Completed in 392ms
338 timing reifyNode:node_modules/toidentifier Completed in 398ms
339 timing reifyNode:node_modules/forwarded Completed in 398ms
340 timing reifyNode:node_modules/bytes Completed in 400ms
341 timing reifyNode:node_modules/vary Completed in 400ms
342 timing reifyNode:node_modules/unpipe Completed in 400ms
343 timing reifyNode:node_modules/inherits Completed in 400ms
344 timing reifyNode:node_modules/type-is Completed in 400ms
345 timing reifyNode:node_modules/utils-merge Completed in 400ms
346 timing reifyNode:node_modules/parseurl Completed in 399ms
347 timing reifyNode:node_modules/etag Completed in 400ms
348 timing reifyNode:node_modules/fresh Completed in 400ms
349 timing reifyNode:node_modules/merge-descriptors Completed in 400ms
350 timing reifyNode:node_modules/http-errors Completed in 400ms
351 timing reifyNode:node_modules/methods Completed in 402ms
352 timing reifyNode:node_modules/content-type Completed in 401ms
353 timing reifyNode:node_modules/cookie-signature Completed in 401ms
354 timing reifyNode:node_modules/statuses Completed in 408ms
355 timing reifyNode:node_modules/proxy-addr Completed in 408ms
356 timing reifyNode:node_modules/on-finished Completed in 408ms
357 timing reifyNode:node_modules/setprototypeof Completed in 409ms
358 timing reifyNode:node_modules/mime-types Completed in 412ms
359 timing reifyNode:node_modules/serve-static Completed in 412ms
360 timing reifyNode:node_modules/cookie Completed in 410ms
361 timing reifyNode:node_modules/content-disposition Completed in 410ms
362 timing reifyNode:node_modules/safe-buffer Completed in 419ms
363 timing reifyNode:node_modules/finalhandler Completed in 417ms
364 timing reifyNode:node_modules/raw-body Completed in 422ms
365 timing reifyNode:node_modules/safer-buffer Completed in 425ms
366 timing reifyNode:node_modules/ipaddr.js Completed in 436ms
367 timing reifyNode:node_modules/depd Completed in 434ms
368 timing reifyNode:node_modules/hasown Completed in 440ms
369 timing reifyNode:node_modules/call-bound Completed in 449ms
370 timing reifyNode:node_modules/send Completed in 453ms
371 timing reifyNode:node_modules/mime Completed in 458ms
372 timing reifyNode:node_modules/side-channel-list Completed in 458ms
373 timing reifyNode:node_modules/negotiator Completed in 458ms
374 timing reifyNode:node_modules/side-channel Completed in 461ms
375 timing reifyNode:node_modules/side-channel-map Completed in 461ms
376 timing reifyNode:node_modules/side-channel-weakmap Completed in 461ms
377 timing reifyNode:node_modules/get-intrinsic Completed in 462ms
378 timing reifyNode:node_modules/es-define-property Completed in 462ms
379 timing reifyNode:node_modules/dunder-proto Completed in 464ms
380 timing reifyNode:node_modules/body-parser Completed in 461ms
381 timing reifyNode:node_modules/gopd Completed in 466ms
382 timing reifyNode:node_modules/es-object-atoms Completed in 469ms
383 timing reifyNode:node_modules/function-bind Completed in 469ms
384 timing reifyNode:node_modules/get-proto Completed in 472ms
385 timing reifyNode:node_modules/mime-db Completed in 471ms
386 timing reifyNode:node_modules/debug Completed in 475ms
387 timing reifyNode:node_modules/has-symbols Completed in 478ms
388 timing reifyNode:node_modules/call-bind-apply-helpers Completed in 478ms
389 timing reifyNode:node_modules/es-errors Completed in 479ms
390 timing reifyNode:node_modules/express Completed in 484ms
391 timing reifyNode:node_modules/math-intrinsics Completed in 497ms
392 timing reifyNode:node_modules/object-inspect Completed in 496ms
393 timing reifyNode:node_modules/qs Completed in 497ms
394 timing reifyNode:node_modules/iconv-lite Completed in 500ms
395 timing reify:unpack Completed in 506ms
396 timing reify:unretire Completed in 2ms
397 timing build:queue Completed in 5ms
398 timing build:link:node_modules/mime Completed in 5ms
399 timing build:link Completed in 5ms
400 timing build:deps Completed in 10ms
401 timing build Completed in 11ms
402 timing reify:build Completed in 12ms
403 timing reify:trash Completed in 0ms
404 timing reify:save Completed in 36ms
405 timing reify Completed in 2415ms
406 silly ADD node_modules/media-typer
407 silly ADD node_modules/dunder-proto
408 silly ADD node_modules/math-intrinsics
409 silly ADD node_modules/hasown
410 silly ADD node_modules/has-symbols
411 silly ADD node_modules/gopd
412 silly ADD node_modules/get-proto
413 silly ADD node_modules/es-object-atoms
414 silly ADD node_modules/es-define-property
415 silly ADD node_modules/function-bind
416 silly ADD node_modules/call-bind-apply-helpers
417 silly ADD node_modules/get-intrinsic
418 silly ADD node_modules/call-bound
419 silly ADD node_modules/side-channel-weakmap
420 silly ADD node_modules/side-channel-map
421 silly ADD node_modules/side-channel-list
422 silly ADD node_modules/object-inspect
423 silly ADD node_modules/es-errors
424 silly ADD node_modules/mime
425 silly ADD node_modules/side-channel
426 silly ADD node_modules/ipaddr.js
427 silly ADD node_modules/forwarded
428 silly ADD node_modules/ee-first
429 silly ADD node_modules/mime-db
430 silly ADD node_modules/safer-buffer
431 silly ADD node_modules/toidentifier
432 silly ADD node_modules/inherits
433 silly ADD node_modules/ms
434 silly ADD node_modules/unpipe
435 silly ADD node_modules/raw-body
436 silly ADD node_modules/iconv-lite
437 silly ADD node_modules/destroy
438 silly ADD node_modules/bytes
439 silly ADD node_modules/negotiator
440 silly ADD node_modules/mime-types
441 silly ADD node_modules/vary
442 silly ADD node_modules/utils-merge
443 silly ADD node_modules/type-is
444 silly ADD node_modules/statuses
445 silly ADD node_modules/setprototypeof
446 silly ADD node_modules/serve-static
447 silly ADD node_modules/send
448 silly ADD node_modules/send/node_modules/ms
449 silly ADD node_modules/send/node_modules/encodeurl
450 silly ADD node_modules/safe-buffer
451 silly ADD node_modules/range-parser
452 silly ADD node_modules/qs
453 silly ADD node_modules/proxy-addr
454 silly ADD node_modules/path-to-regexp
455 silly ADD node_modules/parseurl
456 silly ADD node_modules/on-finished
457 silly ADD node_modules/methods
458 silly ADD node_modules/merge-descriptors
459 silly ADD node_modules/http-errors
460 silly ADD node_modules/fresh
461 silly ADD node_modules/finalhandler
462 silly ADD node_modules/etag
463 silly ADD node_modules/escape-html
464 silly ADD node_modules/encodeurl
465 silly ADD node_modules/depd
466 silly ADD node_modules/debug
467 silly ADD node_modules/cookie-signature
468 silly ADD node_modules/cookie
469 silly ADD node_modules/content-type
470 silly ADD node_modules/content-disposition
471 silly ADD node_modules/body-parser
472 silly ADD node_modules/array-flatten
473 silly ADD node_modules/accepts
474 silly ADD node_modules/express
475 timing command:install Completed in 2430ms
476 verbose exit 0
477 timing npm Completed in 2517ms
478 info ok
